<?xml version="1.0" encoding="UTF-8"?>
<testExecutions version="1">
    <file path="/Users/pat.murray/Documents/GitHub/clockify-ts-ra/tests/project.test.ts">
        <testCase name="Get all projects on workspace" duration="587">
            <failure message="Error: Response Error[GET:401]: Unauthorized. Message: [object Object]. Resource: [object Object]"><![CDATA[Error: Response Error[GET:401]: Unauthorized. Message: [object Object]. Resource: [object Object]
    at new call (/Users/pat.murray/Documents/GitHub/clockify-ts-ra/src/ClockifyError/index.ts:28:10)
    at /Users/pat.murray/Documents/GitHub/clockify-ts-ra/src/Api/ClockifyApi/index.ts:54:29
    at processTicksAndRejections (node:internal/process/task_queues:95:5)]]></failure>
        </testCase>
        <testCase name="Find project by ID" duration="128">
            <failure message="Error: Response Error[GET:401]: Unauthorized. Message: [object Object]. Resource: [object Object]"><![CDATA[Error: Response Error[GET:401]: Unauthorized. Message: [object Object]. Resource: [object Object]
    at new call (/Users/pat.murray/Documents/GitHub/clockify-ts-ra/src/ClockifyError/index.ts:28:10)
    at /Users/pat.murray/Documents/GitHub/clockify-ts-ra/src/Api/ClockifyApi/index.ts:54:29
    at processTicksAndRejections (node:internal/process/task_queues:95:5)]]></failure>
        </testCase>
        <testCase name="Add a new project to workspace &amp;&amp; Update project on workspace &amp;&amp; Delete project from workspace" duration="135">
            <failure message="Error: Response Error[POST:401]: Unauthorized. Message: [object Object]. Resource: [object Object]"><![CDATA[Error: Response Error[POST:401]: Unauthorized. Message: [object Object]. Resource: [object Object]
    at new call (/Users/pat.murray/Documents/GitHub/clockify-ts-ra/src/ClockifyError/index.ts:28:10)
    at /Users/pat.murray/Documents/GitHub/clockify-ts-ra/src/Api/ClockifyApi/index.ts:60:29
    at processTicksAndRejections (node:internal/process/task_queues:95:5)]]></failure>
        </testCase>
        <testCase name="Update project estimate - Time Estimate" duration="132">
            <failure message="Error: Response Error[GET:401]: Unauthorized. Message: [object Object]. Resource: [object Object]"><![CDATA[Error: Response Error[GET:401]: Unauthorized. Message: [object Object]. Resource: [object Object]
    at new call (/Users/pat.murray/Documents/GitHub/clockify-ts-ra/src/ClockifyError/index.ts:28:10)
    at /Users/pat.murray/Documents/GitHub/clockify-ts-ra/src/Api/ClockifyApi/index.ts:54:29
    at processTicksAndRejections (node:internal/process/task_queues:95:5)]]></failure>
        </testCase>
        <testCase name="Update project estimate - Budget Estimate" duration="0"/>
        <testCase name="Update project memberships" duration="128">
            <failure message="Error: Response Error[PATCH:401]: Unauthorized. Message: [object Object]. Resource: [object Object]"><![CDATA[Error: Response Error[PATCH:401]: Unauthorized. Message: [object Object]. Resource: [object Object]
    at new call (/Users/pat.murray/Documents/GitHub/clockify-ts-ra/src/ClockifyError/index.ts:28:10)
    at /Users/pat.murray/Documents/GitHub/clockify-ts-ra/src/Api/ClockifyApi/index.ts:72:29
    at processTicksAndRejections (node:internal/process/task_queues:95:5)]]></failure>
        </testCase>
        <testCase name="Update project template" duration="0"/>
    </file>
    <file path="/Users/pat.murray/Documents/GitHub/clockify-ts-ra/tests/timeEntry.test.ts">
        <testCase name="Get your time entries on workspace" duration="154">
            <failure message="Error: Response Error[GET:401]: Unauthorized. Message: [object Object]. Resource: [object Object]"><![CDATA[Error: Response Error[GET:401]: Unauthorized. Message: [object Object]. Resource: [object Object]
    at new call (/Users/pat.murray/Documents/GitHub/clockify-ts-ra/src/ClockifyError/index.ts:28:10)
    at /Users/pat.murray/Documents/GitHub/clockify-ts-ra/src/Api/ClockifyApi/index.ts:54:29
    at processTicksAndRejections (node:internal/process/task_queues:95:5)]]></failure>
        </testCase>
        <testCase name="Get a specific time entry on workspace" duration="129">
            <failure message="Error: Response Error[GET:401]: Unauthorized. Message: [object Object]. Resource: [object Object]"><![CDATA[Error: Response Error[GET:401]: Unauthorized. Message: [object Object]. Resource: [object Object]
    at new call (/Users/pat.murray/Documents/GitHub/clockify-ts-ra/src/ClockifyError/index.ts:28:10)
    at /Users/pat.murray/Documents/GitHub/clockify-ts-ra/src/Api/ClockifyApi/index.ts:54:29
    at processTicksAndRejections (node:internal/process/task_queues:95:5)]]></failure>
        </testCase>
        <testCase name="Add a new time entry to workspace &amp;&amp; Delete time entry from workspace" duration="128">
            <failure message="Error: Response Error[POST:401]: Unauthorized. Message: [object Object]. Resource: [object Object]"><![CDATA[Error: Response Error[POST:401]: Unauthorized. Message: [object Object]. Resource: [object Object]
    at new call (/Users/pat.murray/Documents/GitHub/clockify-ts-ra/src/ClockifyError/index.ts:28:10)
    at /Users/pat.murray/Documents/GitHub/clockify-ts-ra/src/Api/ClockifyApi/index.ts:60:29
    at processTicksAndRejections (node:internal/process/task_queues:95:5)]]></failure>
        </testCase>
        <testCase name="Add a new time entry for another user on workspace &amp;&amp; Delete time entry from workspace" duration="132">
            <failure message="Error: Response Error[POST:401]: Unauthorized. Message: [object Object]. Resource: [object Object]"><![CDATA[Error: Response Error[POST:401]: Unauthorized. Message: [object Object]. Resource: [object Object]
    at new call (/Users/pat.murray/Documents/GitHub/clockify-ts-ra/src/ClockifyError/index.ts:28:10)
    at /Users/pat.murray/Documents/GitHub/clockify-ts-ra/src/Api/ClockifyApi/index.ts:60:29
    at processTicksAndRejections (node:internal/process/task_queues:95:5)]]></failure>
        </testCase>
        <testCase name="Stop currently running timer on workspace" duration="126">
            <failure message="Error: Response Error[POST:401]: Unauthorized. Message: [object Object]. Resource: [object Object]"><![CDATA[Error: Response Error[POST:401]: Unauthorized. Message: [object Object]. Resource: [object Object]
    at new call (/Users/pat.murray/Documents/GitHub/clockify-ts-ra/src/ClockifyError/index.ts:28:10)
    at /Users/pat.murray/Documents/GitHub/clockify-ts-ra/src/Api/ClockifyApi/index.ts:60:29
    at processTicksAndRejections (node:internal/process/task_queues:95:5)]]></failure>
        </testCase>
        <testCase name="Update time entry on workspace" duration="127">
            <failure message="Error: Response Error[GET:401]: Unauthorized. Message: [object Object]. Resource: [object Object]"><![CDATA[Error: Response Error[GET:401]: Unauthorized. Message: [object Object]. Resource: [object Object]
    at new call (/Users/pat.murray/Documents/GitHub/clockify-ts-ra/src/ClockifyError/index.ts:28:10)
    at /Users/pat.murray/Documents/GitHub/clockify-ts-ra/src/Api/ClockifyApi/index.ts:54:29
    at processTicksAndRejections (node:internal/process/task_queues:95:5)]]></failure>
        </testCase>
    </file>
    <file path="/Users/pat.murray/Documents/GitHub/clockify-ts-ra/tests/task.test.ts">
        <testCase name="Find tasks on project" duration="149">
            <failure message="Error: Response Error[GET:401]: Unauthorized. Message: [object Object]. Resource: [object Object]"><![CDATA[Error: Response Error[GET:401]: Unauthorized. Message: [object Object]. Resource: [object Object]
    at new call (/Users/pat.murray/Documents/GitHub/clockify-ts-ra/src/ClockifyError/index.ts:28:10)
    at /Users/pat.murray/Documents/GitHub/clockify-ts-ra/src/Api/ClockifyApi/index.ts:54:29
    at processTicksAndRejections (node:internal/process/task_queues:95:5)]]></failure>
        </testCase>
        <testCase name="Find task on project by ID" duration="125">
            <failure message="Error: Response Error[GET:401]: Unauthorized. Message: [object Object]. Resource: [object Object]"><![CDATA[Error: Response Error[GET:401]: Unauthorized. Message: [object Object]. Resource: [object Object]
    at new call (/Users/pat.murray/Documents/GitHub/clockify-ts-ra/src/ClockifyError/index.ts:28:10)
    at /Users/pat.murray/Documents/GitHub/clockify-ts-ra/src/Api/ClockifyApi/index.ts:54:29
    at processTicksAndRejections (node:internal/process/task_queues:95:5)]]></failure>
        </testCase>
        <testCase name="Add a new task on project &amp;&amp; Delete task from project" duration="129">
            <failure message="Error: Response Error[POST:401]: Unauthorized. Message: [object Object]. Resource: [object Object]"><![CDATA[Error: Response Error[POST:401]: Unauthorized. Message: [object Object]. Resource: [object Object]
    at new call (/Users/pat.murray/Documents/GitHub/clockify-ts-ra/src/ClockifyError/index.ts:28:10)
    at /Users/pat.murray/Documents/GitHub/clockify-ts-ra/src/Api/ClockifyApi/index.ts:60:29
    at processTicksAndRejections (node:internal/process/task_queues:95:5)]]></failure>
        </testCase>
        <testCase name="Update task on project" duration="131">
            <failure message="Error: Response Error[GET:401]: Unauthorized. Message: [object Object]. Resource: [object Object]"><![CDATA[Error: Response Error[GET:401]: Unauthorized. Message: [object Object]. Resource: [object Object]
    at new call (/Users/pat.murray/Documents/GitHub/clockify-ts-ra/src/ClockifyError/index.ts:28:10)
    at /Users/pat.murray/Documents/GitHub/clockify-ts-ra/src/Api/ClockifyApi/index.ts:54:29
    at processTicksAndRejections (node:internal/process/task_queues:95:5)]]></failure>
        </testCase>
    </file>
    <file path="/Users/pat.murray/Documents/GitHub/clockify-ts-ra/tests/client.test.ts">
        <testCase name="Find clients on workspace" duration="156">
            <failure message="Error: Response Error[GET:401]: Unauthorized. Message: [object Object]. Resource: [object Object]"><![CDATA[Error: Response Error[GET:401]: Unauthorized. Message: [object Object]. Resource: [object Object]
    at new call (/Users/pat.murray/Documents/GitHub/clockify-ts-ra/src/ClockifyError/index.ts:28:10)
    at /Users/pat.murray/Documents/GitHub/clockify-ts-ra/src/Api/ClockifyApi/index.ts:54:29
    at processTicksAndRejections (node:internal/process/task_queues:95:5)]]></failure>
        </testCase>
        <testCase name="Add a new client to workspace &amp; Delete client" duration="129">
            <failure message="Error: Response Error[POST:401]: Unauthorized. Message: [object Object]. Resource: [object Object]"><![CDATA[Error: Response Error[POST:401]: Unauthorized. Message: [object Object]. Resource: [object Object]
    at new call (/Users/pat.murray/Documents/GitHub/clockify-ts-ra/src/ClockifyError/index.ts:28:10)
    at /Users/pat.murray/Documents/GitHub/clockify-ts-ra/src/Api/ClockifyApi/index.ts:60:29
    at processTicksAndRejections (node:internal/process/task_queues:95:5)]]></failure>
        </testCase>
        <testCase name="Update a clients name" duration="126">
            <failure message="Error: Response Error[GET:401]: Unauthorized. Message: [object Object]. Resource: [object Object]"><![CDATA[Error: Response Error[GET:401]: Unauthorized. Message: [object Object]. Resource: [object Object]
    at new call (/Users/pat.murray/Documents/GitHub/clockify-ts-ra/src/ClockifyError/index.ts:28:10)
    at /Users/pat.murray/Documents/GitHub/clockify-ts-ra/src/Api/ClockifyApi/index.ts:54:29
    at processTicksAndRejections (node:internal/process/task_queues:95:5)]]></failure>
        </testCase>
    </file>
    <file path="/Users/pat.murray/Documents/GitHub/clockify-ts-ra/tests/reports.test.ts">
        <testCase name="Summary report" duration="592">
            <failure message="Error: Response Error[POST:401]: Unauthorized. Message: [object Object]. Resource: [object Object]"><![CDATA[Error: Response Error[POST:401]: Unauthorized. Message: [object Object]. Resource: [object Object]
    at new call (/Users/pat.murray/Documents/GitHub/clockify-ts-ra/src/ClockifyError/index.ts:28:10)
    at /Users/pat.murray/Documents/GitHub/clockify-ts-ra/src/Api/ClockifyApi/index.ts:60:29
    at processTicksAndRejections (node:internal/process/task_queues:95:5)]]></failure>
        </testCase>
        <testCase name="Detailed report" duration="123">
            <failure message="Error: Response Error[POST:401]: Unauthorized. Message: [object Object]. Resource: [object Object]"><![CDATA[Error: Response Error[POST:401]: Unauthorized. Message: [object Object]. Resource: [object Object]
    at new call (/Users/pat.murray/Documents/GitHub/clockify-ts-ra/src/ClockifyError/index.ts:28:10)
    at /Users/pat.murray/Documents/GitHub/clockify-ts-ra/src/Api/ClockifyApi/index.ts:60:29
    at processTicksAndRejections (node:internal/process/task_queues:95:5)]]></failure>
        </testCase>
    </file>
    <file path="/Users/pat.murray/Documents/GitHub/clockify-ts-ra/tests/tags.test.ts">
        <testCase name="Find tags on workspace" duration="147">
            <failure message="Error: Response Error[GET:401]: Unauthorized. Message: [object Object]. Resource: [object Object]"><![CDATA[Error: Response Error[GET:401]: Unauthorized. Message: [object Object]. Resource: [object Object]
    at new call (/Users/pat.murray/Documents/GitHub/clockify-ts-ra/src/ClockifyError/index.ts:28:10)
    at /Users/pat.murray/Documents/GitHub/clockify-ts-ra/src/Api/ClockifyApi/index.ts:54:29
    at processTicksAndRejections (node:internal/process/task_queues:95:5)]]></failure>
        </testCase>
        <testCase name="Add a new tag to workspace &amp;&amp; Delete tag" duration="126">
            <failure message="Error: Response Error[POST:401]: Unauthorized. Message: [object Object]. Resource: [object Object]"><![CDATA[Error: Response Error[POST:401]: Unauthorized. Message: [object Object]. Resource: [object Object]
    at new call (/Users/pat.murray/Documents/GitHub/clockify-ts-ra/src/ClockifyError/index.ts:28:10)
    at /Users/pat.murray/Documents/GitHub/clockify-ts-ra/src/Api/ClockifyApi/index.ts:60:29
    at processTicksAndRejections (node:internal/process/task_queues:95:5)]]></failure>
        </testCase>
        <testCase name="Update tag" duration="236">
            <failure message="Error: Response Error[PUT:401]: Unauthorized. Message: [object Object]. Resource: [object Object]"><![CDATA[Error: Response Error[PUT:401]: Unauthorized. Message: [object Object]. Resource: [object Object]
    at new call (/Users/pat.murray/Documents/GitHub/clockify-ts-ra/src/ClockifyError/index.ts:28:10)
    at /Users/pat.murray/Documents/GitHub/clockify-ts-ra/src/Api/ClockifyApi/index.ts:66:29
    at processTicksAndRejections (node:internal/process/task_queues:95:5)]]></failure>
        </testCase>
    </file>
    <file path="/Users/pat.murray/Documents/GitHub/clockify-ts-ra/tests/users.test.ts">
        <testCase name="Get currently logged in user&apos;s info" duration="150">
            <failure message="Error: Response Error[GET:401]: Unauthorized. Message: [object Object]. Resource: [object Object]"><![CDATA[Error: Response Error[GET:401]: Unauthorized. Message: [object Object]. Resource: [object Object]
    at new call (/Users/pat.murray/Documents/GitHub/clockify-ts-ra/src/ClockifyError/index.ts:28:10)
    at /Users/pat.murray/Documents/GitHub/clockify-ts-ra/src/Api/ClockifyApi/index.ts:54:29
    at processTicksAndRejections (node:internal/process/task_queues:95:5)]]></failure>
        </testCase>
        <testCase name="Find all users on workspace" duration="123">
            <failure message="Error: Response Error[GET:401]: Unauthorized. Message: [object Object]. Resource: [object Object]"><![CDATA[Error: Response Error[GET:401]: Unauthorized. Message: [object Object]. Resource: [object Object]
    at new call (/Users/pat.murray/Documents/GitHub/clockify-ts-ra/src/ClockifyError/index.ts:28:10)
    at /Users/pat.murray/Documents/GitHub/clockify-ts-ra/src/Api/ClockifyApi/index.ts:54:29
    at processTicksAndRejections (node:internal/process/task_queues:95:5)]]></failure>
        </testCase>
        <testCase name="Add user to workspace" duration="0"/>
        <testCase name="Update user&apos;s workspace status" duration="0"/>
        <testCase name="Remove user from workspace" duration="0"/>
    </file>
    <file path="/Users/pat.murray/Documents/GitHub/clockify-ts-ra/tests/workspaces.test.ts">
        <testCase name="Get all my workspaces" duration="149">
            <failure message="Error: Response Error[GET:401]: Unauthorized. Message: [object Object]. Resource: [object Object]"><![CDATA[Error: Response Error[GET:401]: Unauthorized. Message: [object Object]. Resource: [object Object]
    at new call (/Users/pat.murray/Documents/GitHub/clockify-ts-ra/src/ClockifyError/index.ts:28:10)
    at /Users/pat.murray/Documents/GitHub/clockify-ts-ra/src/Api/ClockifyApi/index.ts:54:29
    at processTicksAndRejections (node:internal/process/task_queues:95:5)]]></failure>
        </testCase>
    </file>
</testExecutions>